Using pre-set license
Built from '2021.1/staging' branch; Version is '2021.1.15f1 (e767a7370072) revision 15165351'; Using compiler version '192528614'; Build Type 'Release'
OS: 'Windows 10 Home; OS build 19042.1348; Version 2009; 64bit' Language: 'en' Physical Memory: 8072 MB
BatchMode: 1, IsHumanControllingUs: 0, StartBugReporterOnCrash: 0, Is64bit: 1, IsPro: 0

 COMMAND LINE ARGUMENTS:
C:\Program Files\Unity\Hub\Editor\2021.1.15f1\Editor\Unity.exe
-adb2
-batchMode
-noUpm
-name
AssetImportWorker5
-projectPath
C:/Users/Jon Flores/Documents/GitHub/AGES_Project
-logFile
Logs/AssetImportWorker5.log
-srvPort
59286
Successfully changed project path to: C:/Users/Jon Flores/Documents/GitHub/AGES_Project
C:/Users/Jon Flores/Documents/GitHub/AGES_Project
Using Asset Import Pipeline V2.
Refreshing native plugins compatible for Editor in 283.49 ms, found 3 plugins.
Preloading 0 native plugins for Editor in 0.00 ms.
Initialize engine version: 2021.1.15f1 (e767a7370072)
[Subsystems] Discovering subsystems at path C:/Program Files/Unity/Hub/Editor/2021.1.15f1/Editor/Data/Resources/UnitySubsystems
[Subsystems] Discovering subsystems at path C:/Users/Jon Flores/Documents/GitHub/AGES_Project/Assets
GfxDevice: creating device client; threaded=0; jobified=0
Direct3D:
    Version:  Direct3D 11.0 [level 11.1]
    Renderer: NVIDIA GeForce GTX 1050 (ID=0x1c91)
    Vendor:   NVIDIA
    VRAM:     2996 MB
    Driver:   27.21.14.5749
Initialize mono
Mono path[0] = 'C:/Program Files/Unity/Hub/Editor/2021.1.15f1/Editor/Data/Managed'
Mono path[1] = 'C:/Program Files/Unity/Hub/Editor/2021.1.15f1/Editor/Data/MonoBleedingEdge/lib/mono/unityjit'
Mono config path = 'C:/Program Files/Unity/Hub/Editor/2021.1.15f1/Editor/Data/MonoBleedingEdge/etc'
Using monoOptions --debugger-agent=transport=dt_socket,embedding=1,server=y,suspend=n,address=127.0.0.1:56928
Begin MonoManager ReloadAssembly
Registering precompiled unity dll's ...
Register platform support module: C:/Program Files/Unity/Hub/Editor/2021.1.15f1/Editor/Data/PlaybackEngines/WebGLSupport/UnityEditor.WebGL.Extensions.dll
Register platform support module: C:/Program Files/Unity/Hub/Editor/2021.1.15f1/Editor/Data/PlaybackEngines/WindowsStandaloneSupport/UnityEditor.WindowsStandalone.Extensions.dll
Registered in 0.006590 seconds.
Native extension for WindowsStandalone target not found
Native extension for WebGL target not found
Refreshing native plugins compatible for Editor in 416.05 ms, found 3 plugins.
Preloading 0 native plugins for Editor in 0.00 ms.
Mono: successfully reloaded assembly
- Completed reload, in  4.057 seconds
Domain Reload Profiling:
	ReloadAssembly (4057ms)
		BeginReloadAssembly (146ms)
			ExecutionOrderSort (0ms)
			DisableScriptedObjects (0ms)
			BackupInstance (0ms)
			ReleaseScriptingObjects (0ms)
			CreateAndSetChildDomain (2ms)
		EndReloadAssembly (1687ms)
			LoadAssemblies (140ms)
			RebuildTransferFunctionScriptingTraits (0ms)
			SetupTypeCache (600ms)
			ReleaseScriptCaches (0ms)
			RebuildScriptCaches (112ms)
			SetupLoadedEditorAssemblies (849ms)
				LogAssemblyErrors (0ms)
				InitializePlatformSupportModulesInManaged (34ms)
				SetLoadedEditorAssemblies (1ms)
				RefreshPlugins (416ms)
				BeforeProcessingInitializeOnLoad (3ms)
				ProcessInitializeOnLoadAttributes (317ms)
				ProcessInitializeOnLoadMethodAttributes (78ms)
				AfterProcessingInitializeOnLoad (0ms)
				EditorAssembliesLoaded (0ms)
			ExecutionOrderSort2 (0ms)
			AwakeInstancesAfterBackupRestoration (0ms)
Platform modules already initialized, skipping
Registering precompiled user dll's ...
Registered in 0.016090 seconds.
Begin MonoManager ReloadAssembly
Symbol file LoadedFromMemory doesn't match image C:\Users\Jon Flores\Documents\GitHub\AGES_Project\Library\PackageCache\com.unity.visualscripting@1.6.1\Editor\VisualScripting.Core\Dependencies\YamlDotNet\Unity.VisualScripting.YamlDotNet.dll
Symbol file LoadedFromMemory doesn't match image C:\Users\Jon Flores\Documents\GitHub\AGES_Project\Library\PackageCache\com.unity.visualscripting@1.6.1\Editor\VisualScripting.Core\Dependencies\DotNetZip\Unity.VisualScripting.IonicZip.dll
Native extension for WindowsStandalone target not found
Native extension for WebGL target not found
Refreshing native plugins compatible for Editor in 265.83 ms, found 3 plugins.
Preloading 0 native plugins for Editor in 0.00 ms.
Mono: successfully reloaded assembly
- Completed reload, in  8.640 seconds
Domain Reload Profiling:
	ReloadAssembly (8642ms)
		BeginReloadAssembly (508ms)
			ExecutionOrderSort (0ms)
			DisableScriptedObjects (63ms)
			BackupInstance (0ms)
			ReleaseScriptingObjects (0ms)
			CreateAndSetChildDomain (60ms)
		EndReloadAssembly (7944ms)
			LoadAssemblies (643ms)
			RebuildTransferFunctionScriptingTraits (0ms)
			SetupTypeCache (3322ms)
			ReleaseScriptCaches (1ms)
			RebuildScriptCaches (163ms)
			SetupLoadedEditorAssemblies (3557ms)
				LogAssemblyErrors (0ms)
				InitializePlatformSupportModulesInManaged (12ms)
				SetLoadedEditorAssemblies (0ms)
				RefreshPlugins (266ms)
				BeforeProcessingInitializeOnLoad (273ms)
				ProcessInitializeOnLoadAttributes (2970ms)
				ProcessInitializeOnLoadMethodAttributes (14ms)
				AfterProcessingInitializeOnLoad (20ms)
				EditorAssembliesLoaded (1ms)
			ExecutionOrderSort2 (0ms)
			AwakeInstancesAfterBackupRestoration (21ms)
Platform modules already initialized, skipping
========================================================================
Worker process is ready to serve import requests
Launched and connected shader compiler UnityShaderCompiler.exe after 0.22 seconds
Refreshing native plugins compatible for Editor in 1.64 ms, found 3 plugins.
Preloading 0 native plugins for Editor in 0.00 ms.
Unloading 3804 Unused Serialized files (Serialized files now loaded: 0)
System memory in use before: 141.2 MB.
System memory in use after: 141.3 MB.

Unloading 136 unused Assets to reduce memory usage. Loaded Objects now: 4231.
Total: 9.828800 ms (FindLiveObjects: 0.624400 ms CreateObjectMapping: 0.618100 ms MarkObjects: 7.458500 ms  DeleteObjects: 1.124200 ms)

AssetImportParameters requested are different than current active one (requested -> active):
  custom:framework-win-MediaFoundation: 216162199b28c13a410421893ffa2e32 -> 
  custom:video-decoder-ogg-theora: a1e56fd34408186e4bbccfd4996cb3dc -> 
  custom:container-muxer-webm: aa71ff27fc2769a1b78a27578f13a17b -> 
  custom:container-demuxer-webm: 4f35f7cbe854078d1ac9338744f61a02 -> 
  custom:container-demuxer-ogg: 62fdf1f143b41e24485cea50d1cbac27 -> 
  custom:video-encoder-webm-vp8: eb34c28f22e8b96e1ab97ce403110664 -> 
  custom:video-codec-MediaFoundation-h265: 746d11721c4dcdbdad8f713fa42b33f4 -> 
  custom:video-decoder-webm-vp8: 9c59270c3fd7afecdb556c50c9e8de78 -> 
  custom:audio-decoder-ogg-vorbis: bf7c407c2cedff20999df2af8eb42d56 -> 
  custom:audio-encoder-webm-vorbis: bf7c407c2cedff20999df2af8eb42d56 -> 
========================================================================
Received Import Request.
  path: Assets/Material/Walls_1.mat
  artifactKey: Guid(fd53bf0c4ca055a47a62a88f1dc4b01d) Importer(815301076,1909f56bfc062723c751e8b465ee728b)
Start importing Assets/Material/Walls_1.mat using Guid(fd53bf0c4ca055a47a62a88f1dc4b01d) Importer(815301076,1909f56bfc062723c751e8b465ee728b)  -> (artifact id: '0b593d147df41fe3549d179c0d1a355f') in 0.747053 seconds 
========================================================================
Received Import Request.
  Time since last request: 0.000585 seconds.
  path: Assets/Material/End.mat
  artifactKey: Guid(a12390ded0e00bd43b0effbe05d19587) Importer(815301076,1909f56bfc062723c751e8b465ee728b)
Start importing Assets/Material/End.mat using Guid(a12390ded0e00bd43b0effbe05d19587) Importer(815301076,1909f56bfc062723c751e8b465ee728b)  -> (artifact id: 'a398822763981532677fa40b4249a8cc') in 0.031435 seconds 
========================================================================
Received Import Request.
  Time since last request: 0.000427 seconds.
  path: Assets/Material/Floor_Darkness.mat
  artifactKey: Guid(3055501a4f4e38e46ad319c9eff84315) Importer(815301076,1909f56bfc062723c751e8b465ee728b)
Start importing Assets/Material/Floor_Darkness.mat using Guid(3055501a4f4e38e46ad319c9eff84315) Importer(815301076,1909f56bfc062723c751e8b465ee728b)  -> (artifact id: 'f092f777d5e46127cc8009cc492eb72b') in 0.030222 seconds 
========================================================================
Received Import Request.
  Time since last request: 0.000599 seconds.
  path: Assets/Material/Wall_2.mat
  artifactKey: Guid(3c8f0e30c2b69944eb1b573a00209910) Importer(815301076,1909f56bfc062723c751e8b465ee728b)
Start importing Assets/Material/Wall_2.mat using Guid(3c8f0e30c2b69944eb1b573a00209910) Importer(815301076,1909f56bfc062723c751e8b465ee728b)  -> (artifact id: 'be4d24771c8cac88196eaea99b415dd1') in 0.031495 seconds 
========================================================================
Received Import Request.
  Time since last request: 0.000436 seconds.
  path: Assets/Material/Player.mat
  artifactKey: Guid(f77f8338c6dca4c4c98198cd5243922b) Importer(815301076,1909f56bfc062723c751e8b465ee728b)
Start importing Assets/Material/Player.mat using Guid(f77f8338c6dca4c4c98198cd5243922b) Importer(815301076,1909f56bfc062723c751e8b465ee728b)  -> (artifact id: 'b0213af8e299082fe15eb29dc67768e2') in 0.031886 seconds 
========================================================================
Received Import Request.
  Time since last request: 0.000429 seconds.
  path: Assets/Material/Floor_Sunset.mat
  artifactKey: Guid(8718fd3220e00ae4fac07ef4e57a59d4) Importer(815301076,1909f56bfc062723c751e8b465ee728b)
Start importing Assets/Material/Floor_Sunset.mat using Guid(8718fd3220e00ae4fac07ef4e57a59d4) Importer(815301076,1909f56bfc062723c751e8b465ee728b)  -> (artifact id: '628c0cc7622bb6d570f5b1a8c5db0f5c') in 0.027631 seconds 
========================================================================
Received Import Request.
  Time since last request: 0.000438 seconds.
  path: Assets/Scenes/Sunset.unity
  artifactKey: Guid(b6af2103d3b983a4c824848d8ed1e450) Importer(815301076,1909f56bfc062723c751e8b465ee728b)
Start importing Assets/Scenes/Sunset.unity using Guid(b6af2103d3b983a4c824848d8ed1e450) Importer(815301076,1909f56bfc062723c751e8b465ee728b)  -> (artifact id: '68ed1fa3ee82576a24ca25ef6e8c8b41') in 0.015356 seconds 
========================================================================
Received Import Request.
  Time since last request: 400.528930 seconds.
  path: Assets/Scripts/movement.cs
  artifactKey: Guid(88497103431959d44867111f4cde693b) Importer(815301076,1909f56bfc062723c751e8b465ee728b)
Start importing Assets/Scripts/movement.cs using Guid(88497103431959d44867111f4cde693b) Importer(815301076,1909f56bfc062723c751e8b465ee728b)  -> (artifact id: 'b8b3e59fecf8bc06c109a10d3c41ebfb') in 0.036820 seconds 
========================================================================
Received Import Request.
  Time since last request: 110.828802 seconds.
  path: Assets/Input/InputActions.inputactions
  artifactKey: Guid(a71421df4d1ce3d4da11999ce99c414a) Importer(815301076,1909f56bfc062723c751e8b465ee728b)
Start importing Assets/Input/InputActions.inputactions using Guid(a71421df4d1ce3d4da11999ce99c414a) Importer(815301076,1909f56bfc062723c751e8b465ee728b)  -> (artifact id: 'adf398dae912a6d5035df1e13faba6e0') in 0.046764 seconds 
========================================================================
Received Import Request.
  Time since last request: 27.996638 seconds.
  path: Assets/Scenes/Darkness.unity
  artifactKey: Guid(9fc0d4010bbf28b4594072e72b8655ab) Importer(815301076,1909f56bfc062723c751e8b465ee728b)
Start importing Assets/Scenes/Darkness.unity using Guid(9fc0d4010bbf28b4594072e72b8655ab) Importer(815301076,1909f56bfc062723c751e8b465ee728b)  -> (artifact id: 'f105050fc2c3fc0eed7d856a095ae237') in 0.011799 seconds 
AssetImportWorkerClient::OnTransportError - code=2 error=End of file
